\BOOKMARK [0][-]{section*.1}{\376\377\000A\000b\000s\000t\000r\000a\000c\000t}{}% 1
\BOOKMARK [0][-]{chapter.9}{\376\377\000I\000n\000t\000r\000o\000d\000u\000c\000t\000i\000o\000n}{}% 2
\BOOKMARK [1][-]{section.10}{\376\377\000T\000h\000e\000s\000i\000s\000\040\000O\000b\000j\000e\000c\000t\000i\000v\000e}{chapter.9}% 3
\BOOKMARK [1][-]{section.11}{\376\377\000T\000h\000e\000s\000i\000s\000\040\000s\000t\000r\000u\000c\000t\000u\000r\000e}{chapter.9}% 4
\BOOKMARK [0][-]{chapter.12}{\376\377\000S\000t\000a\000t\000e\000\040\000o\000f\000\040\000t\000h\000e\000\040\000A\000r\000t}{}% 5
\BOOKMARK [1][-]{section.13}{\376\377\000T\000e\000l\000e\000o\000p\000e\000r\000a\000t\000i\000o\000n}{chapter.12}% 6
\BOOKMARK [2][-]{subsection.14}{\376\377\000T\000e\000l\000e\000o\000p\000e\000r\000a\000t\000i\000o\000n\000\040\000s\000y\000s\000t\000e\000m\000\040}{section.13}% 7
\BOOKMARK [2][-]{subsection.16}{\376\377\000T\000e\000l\000e\000r\000o\000b\000o\000t\000i\000c\000\040\000A\000r\000c\000h\000i\000t\000e\000c\000t\000u\000r\000e}{section.13}% 8
\BOOKMARK [1][-]{section.17}{\376\377\000S\000h\000a\000r\000e\000d\000\040\000C\000o\000n\000t\000r\000o\000l}{chapter.12}% 9
\BOOKMARK [1][-]{section.19}{\376\377\000I\000n\000t\000e\000n\000t\000i\000o\000n\000\040\000R\000e\000c\000o\000g\000n\000i\000t\000i\000o\000n}{chapter.12}% 10
\BOOKMARK [2][-]{subsection.20}{\376\377\000M\000e\000t\000o\000d\000o\000l\000o\000g\000i\000e\000s}{section.19}% 11
\BOOKMARK [1][-]{section.22}{\376\377\000G\000u\000i\000d\000a\000n\000c\000e}{chapter.12}% 12
\BOOKMARK [2][-]{subsection.23}{\376\377\000M\000e\000t\000o\000d\000o\000l\000o\000g\000i\000e\000s}{section.22}% 13
\BOOKMARK [0][-]{chapter.24}{\376\377\000M\000e\000t\000h\000o\000d\000s}{}% 14
\BOOKMARK [1][-]{section.25}{\376\377\000H\000u\000m\000a\000n\000\040\000I\000n\000t\000e\000n\000t\000\040\000R\000e\000c\000o\000g\000n\000i\000t\000i\000o\000n}{chapter.24}% 15
\BOOKMARK [2][-]{subsection.26}{\376\377\000R\000e\000c\000u\000r\000r\000e\000n\000t\000\040\000N\000e\000u\000r\000a\000l\000\040\000N\000e\000t\000w\000o\000r\000k\000s}{section.25}% 16
\BOOKMARK [2][-]{subsection.36}{\376\377\000L\000o\000n\000g\000\040\000S\000h\000o\000r\000t\000-\000T\000e\000r\000m\000\040\000M\000e\000m\000o\000r\000y\000\040\000\050\000L\000S\000T\000M\000\051\000\040\000N\000e\000t\000w\000o\000r\000k\000s}{section.25}% 17
\BOOKMARK [2][-]{subsection.38}{\376\377\000L\000S\000T\000M\000\040\000I\000n\000t\000e\000n\000t\000\040\000R\000e\000c\000o\000g\000n\000i\000t\000i\000o\000n\000\040\000A\000r\000c\000h\000i\000t\000e\000c\000t\000u\000r\000e}{section.25}% 18
\BOOKMARK [2][-]{subsection.46}{\376\377\000T\000r\000a\000i\000n\000i\000n\000g\000\040\000t\000h\000e\000\040\000m\000o\000d\000e\000l}{section.25}% 19
\BOOKMARK [1][-]{section.47}{\376\377\000G\000u\000i\000d\000a\000n\000c\000e}{chapter.24}% 20
\BOOKMARK [2][-]{subsection.48}{\376\377\000A\000r\000t\000i\000f\000i\000c\000i\000a\000l\000\040\000P\000o\000t\000e\000n\000t\000i\000a\000l\000\040\000F\000i\000e\000l\000d\000s}{section.47}% 21
\BOOKMARK [0][-]{appendix.49}{\376\377\000S\000u\000p\000p\000o\000r\000t\000\040\000C\000o\000d\000e}{}% 22
\BOOKMARK [1][-]{section.50}{\376\377\000G\000r\000o\000u\000n\000d\000\040\000T\000r\000u\000t\000h\000\040\000H\000e\000a\000t\000m\000a\000p\000s}{appendix.49}% 23
\BOOKMARK [1][-]{section.75}{\376\377\000L\000a\000n\000d\000m\000a\000r\000k\000\040\000L\000o\000c\000a\000t\000i\000o\000n\000\040\000S\000e\000l\000e\000c\000t\000i\000o\000n}{appendix.49}% 24
\BOOKMARK [0][-]{appendix*.116}{\376\377\000B\000i\000b\000l\000i\000o\000g\000r\000a\000p\000h\000y}{}% 25
\BOOKMARK [0][-]{section*.117}{\376\377\000A\000c\000k\000n\000o\000w\000l\000e\000d\000g\000e\000m\000e\000n\000t\000s}{}% 26
